<?xml version="1.0" encoding="UTF-8"?>
<!-- Generated by org.testng.reporters.JUnitReportReporter -->
<testsuite skipped="0" hostname="PUN-PREMG" name="MeridianPackage.Accessories_TestCases1" tests="1" failures="0" timestamp="25 Sep 2017 10:51:05 GMT" time="64.368" errors="0">
  <testcase name="FirstTestCase" time="64.368" classname="MeridianPackage.Accessories_TestCases1"/>
</testsuite> <!-- MeridianPackage.Accessories_TestCases1 -->
