<?xml version="1.0" encoding="UTF-8"?>
<!-- Generated by org.testng.reporters.JUnitReportReporter -->
<testsuite skipped="0" hostname="LAPTOP-U6N7CFLI" name="MeridianPackage.loginPageTestCases" tests="1" failures="0" timestamp="21 Sep 2017 21:23:08 GMT" time="57.425" errors="0">
  <testcase name="loginTestCases" time="57.425" classname="MeridianPackage.loginPageTestCases"/>
</testsuite> <!-- MeridianPackage.loginPageTestCases -->
