<?xml version="1.0" encoding="UTF-8"?>
<!-- Generated by org.testng.reporters.JUnitReportReporter -->
<testsuite skipped="0" hostname="Lenovo-PC" name="MeridianPackage.Accessories_TestCases1" tests="1" failures="0" timestamp="23 Sep 2017 19:16:21 GMT" time="215.320" errors="0">
  <testcase name="FirstTestCase" time="215.320" classname="MeridianPackage.Accessories_TestCases1"/>
</testsuite> <!-- MeridianPackage.Accessories_TestCases1 -->
