<?xml version="1.0" encoding="UTF-8"?>
<!-- Generated by org.testng.reporters.JUnitReportReporter -->
<testsuite skipped="0" hostname="LAPTOP-U6N7CFLI" name="MeridianPackage.Accessories_TestCases1" tests="1" failures="0" timestamp="24 Sep 2017 18:51:45 GMT" time="189.284" errors="0">
  <testcase name="FirstTestCase" time="189.284" classname="MeridianPackage.Accessories_TestCases1"/>
</testsuite> <!-- MeridianPackage.Accessories_TestCases1 -->
